/* Log generated by MTK SP DrvGen Version 03.13.6;
 Log Time is Sun Sep 11 01:04:30 2016
 */
open operater parse MT6753.fig OK!
Edit operater parse .cmp file OK!
Gencode operater parse .cmp file OK!
Gencode cust_eint_md1.h OK!
Gencode cust_power.h OK!
Edit operater parse .cmp file OK!
open operater parse MT6753.fig OK!
Edit operater parse .cmp file OK!
open operater parse MT6753.fig OK!
Gencode operater parse .cmp file OK!
Gencode cust_eint_md1.h OK!
Gencode cust_power.h OK!
open operater parse MT6753.fig OK!
Gencode operater parse .cmp file OK!
Gencode cust_eint_md1.h OK!
Gencode cust_power.h OK!
open operater parse MT6753.fig OK!
Edit operater parse .cmp file OK!
Gencode operater parse .cmp file OK!
Gencode cust_eint_md1.h OK!
Gencode cust_power.h OK!
Edit operater parse .cmp file OK!
Gencode operater parse .cmp file OK!
Gencode cust_eint_md1.h OK!
Gencode cust_power.h OK!
